2019-06-16 14:54:40,919 INFO t.m.BasePage [main] pressTestSuiteSettings 
2019-06-16 14:54:41,310 INFO t.m.BasePage [main] createNewTestSuite 
2019-06-16 14:54:42,927 INFO t.m.BasePage [main] test case create 
2019-06-16 14:54:44,065 INFO t.m.BasePage [main] selectTestCase 
2019-06-16 14:57:33,738 INFO t.m.BasePage [main] pressTestSuiteSettings 
2019-06-16 14:57:34,126 INFO t.m.BasePage [main] createNewTestSuite 
2019-06-16 14:57:35,859 INFO t.m.BasePage [main] test case create 
2019-06-16 14:57:37,034 INFO t.m.BasePage [main] selectTestCase 
2019-06-16 14:57:51,768 INFO t.m.BasePage [main] pressTestSuiteSettings 
2019-06-16 14:57:52,219 INFO t.m.BasePage [main] createNewTestSuite 
2019-06-16 14:57:53,573 INFO t.m.BasePage [main] test case create 
2019-06-16 14:57:54,480 INFO t.m.BasePage [main] selectTestCase 
2019-06-16 14:58:35,595 INFO t.m.BasePage [main] pressTestSuiteSettings 
2019-06-16 14:58:36,087 INFO t.m.BasePage [main] createNewTestSuite 
2019-06-16 14:58:37,851 INFO t.m.BasePage [main] test case create 
2019-06-16 14:58:38,972 INFO t.m.BasePage [main] selectTestCase 
2019-06-16 15:01:05,452 INFO t.m.BasePage [main] pressTestSuiteSettings 
2019-06-16 15:01:05,869 INFO t.m.BasePage [main] createNewTestSuite 
2019-06-16 15:01:07,534 INFO t.m.BasePage [main] test case create 
2019-06-16 15:01:08,683 INFO t.m.BasePage [main] selectTestCase 
2019-06-16 15:01:09,341 INFO t.m.BasePage [main] create Steps 
2019-06-16 15:01:09,663 INFO t.m.BasePage [main] createOneStep  first step 
2019-06-16 15:01:12,937 INFO t.m.BasePage [main] createOneStep  second step 
2019-06-16 15:01:16,237 INFO t.m.BasePage [main] createOneStep  third  step 
2019-06-16 15:03:34,202 INFO t.m.BasePage [main] pressTestSuiteSettings 
2019-06-16 15:03:34,603 INFO t.m.BasePage [main] createNewTestSuite 
2019-06-16 15:03:36,292 INFO t.m.BasePage [main] test case create 
2019-06-16 15:03:37,386 INFO t.m.BasePage [main] selectTestCase 
2019-06-16 15:04:20,312 INFO t.m.BasePage [main] pressTestSuiteSettings 
2019-06-16 15:04:20,735 INFO t.m.BasePage [main] createNewTestSuite 
2019-06-16 15:04:22,663 INFO t.m.BasePage [main] test case create 
2019-06-16 15:04:24,280 INFO t.m.BasePage [main] selectTestCase 
2019-06-16 15:04:25,296 INFO t.m.BasePage [main] create Steps 
2019-06-16 15:04:25,604 INFO t.m.BasePage [main] createOneStep  first step 
2019-06-16 15:04:28,894 INFO t.m.BasePage [main] createOneStep  second step 
2019-06-16 15:04:32,216 INFO t.m.BasePage [main] createOneStep  third  step 
2019-06-16 15:06:32,285 INFO t.m.BasePage [main] pressTestSuiteSettings 
2019-06-16 15:06:32,718 INFO t.m.BasePage [main] createNewTestSuite 
2019-06-16 15:06:37,089 INFO t.m.BasePage [main] test case create 
2019-06-16 15:06:38,018 INFO t.m.BasePage [main] selectTestCase 
2019-06-16 15:07:13,672 INFO t.m.BasePage [main] pressTestSuiteSettings 
2019-06-16 15:07:14,086 INFO t.m.BasePage [main] createNewTestSuite 
2019-06-16 15:07:18,691 INFO t.m.BasePage [main] test case create 
2019-06-16 15:07:19,796 INFO t.m.BasePage [main] selectTestCase 
2019-06-16 15:07:20,905 INFO t.m.BasePage [main] create Steps 
2019-06-16 15:07:21,225 INFO t.m.BasePage [main] createOneStep  first step 
2019-06-16 15:07:24,518 INFO t.m.BasePage [main] createOneStep  second step 
2019-06-16 15:07:27,885 INFO t.m.BasePage [main] createOneStep  third  step 
2019-06-16 15:08:26,561 INFO t.m.BasePage [main] pressTestSuiteSettings 
2019-06-16 15:08:26,958 INFO t.m.BasePage [main] createNewTestSuite 
2019-06-16 15:08:31,537 INFO t.m.BasePage [main] test case create 
2019-06-16 15:08:32,731 INFO t.m.BasePage [main] selectTestCase 
2019-06-16 15:09:39,486 INFO t.m.BasePage [main] pressTestSuiteSettings 
2019-06-16 15:09:39,907 INFO t.m.BasePage [main] createNewTestSuite 
2019-06-16 15:09:44,860 INFO t.m.BasePage [main] test case create 
2019-06-16 15:09:46,470 INFO t.m.BasePage [main] selectTestCase 
2019-06-16 15:12:38,489 INFO t.m.BasePage [main] pressTestSuiteSettings 
2019-06-16 15:12:38,929 INFO t.m.BasePage [main] createNewTestSuite 
2019-06-16 15:12:43,410 INFO t.m.BasePage [main] test case create 
2019-06-16 15:12:44,488 INFO t.m.BasePage [main] selectTestCase 
2019-06-16 15:13:22,308 INFO t.m.BasePage [main] create Steps 
2019-06-16 15:13:22,678 INFO t.m.BasePage [main] createOneStep  first step 
2019-06-16 15:13:25,973 INFO t.m.BasePage [main] createOneStep  second step 
2019-06-16 15:13:29,312 INFO t.m.BasePage [main] createOneStep  third  step 
2019-06-16 15:14:36,228 INFO t.m.BasePage [main] pressTestSuiteSettings 
2019-06-16 15:14:36,604 INFO t.m.BasePage [main] createNewTestSuite 
2019-06-16 15:14:41,232 INFO t.m.BasePage [main] test case create 
2019-06-16 15:14:42,430 INFO t.m.BasePage [main] selectTestCase 
2019-06-16 15:15:09,084 INFO t.m.BasePage [main] create Steps 
2019-06-16 15:15:09,438 INFO t.m.BasePage [main] createOneStep  first step 
2019-06-16 15:15:12,822 INFO t.m.BasePage [main] createOneStep  second step 
2019-06-16 15:15:16,164 INFO t.m.BasePage [main] createOneStep  third  step 
2019-06-16 15:15:55,785 INFO t.m.BasePage [main] pressTestSuiteSettings 
2019-06-16 15:15:56,334 INFO t.m.BasePage [main] createNewTestSuite 
2019-06-16 15:16:01,031 INFO t.m.BasePage [main] test case create 
2019-06-16 15:16:02,197 INFO t.m.BasePage [main] selectTestCase 
2019-06-16 15:16:05,442 INFO t.m.BasePage [main] create Steps 
2019-06-16 15:16:05,813 INFO t.m.BasePage [main] createOneStep  first step 
2019-06-16 15:16:09,230 INFO t.m.BasePage [main] createOneStep  second step 
2019-06-16 15:16:12,740 INFO t.m.BasePage [main] createOneStep  third  step 
2019-06-16 15:17:01,717 INFO t.m.BasePage [main] pressTestSuiteSettings 
2019-06-16 15:17:02,246 INFO t.m.BasePage [main] createNewTestSuite 
2019-06-16 15:17:07,288 INFO t.m.BasePage [main] test case create 
2019-06-16 15:17:08,893 INFO t.m.BasePage [main] selectTestCase 
2019-06-16 15:17:12,336 INFO t.m.BasePage [main] create Steps 
2019-06-16 15:17:13,696 INFO t.m.BasePage [main] createOneStep  first step 
2019-06-16 15:17:17,336 INFO t.m.BasePage [main] createOneStep  second step 
2019-06-16 15:17:20,791 INFO t.m.BasePage [main] createOneStep  third  step 
2019-06-16 15:17:28,594 INFO t.m.BasePage [main] test case create 
2019-06-16 15:18:40,025 INFO t.m.BasePage [main] pressTestSuiteSettings 
2019-06-16 15:18:40,427 INFO t.m.BasePage [main] createNewTestSuite 
2019-06-16 15:18:45,339 INFO t.m.BasePage [main] test case create 
2019-06-16 15:18:47,099 INFO t.m.BasePage [main] selectTestCase 
2019-06-16 15:18:50,437 INFO t.m.BasePage [main] create Steps 
2019-06-16 15:18:50,803 INFO t.m.BasePage [main] createOneStep  first step 
2019-06-16 15:18:54,151 INFO t.m.BasePage [main] createOneStep  second step 
2019-06-16 15:18:57,430 INFO t.m.BasePage [main] createOneStep  third  step 
2019-06-16 15:19:04,530 INFO t.m.BasePage [main] test case create 
2019-06-16 15:19:05,578 INFO t.m.BasePage [main] selectTestCase 
2019-06-16 15:22:16,919 INFO t.m.BasePage [main] pressTestSuiteSettings 
2019-06-16 15:22:17,637 INFO t.m.BasePage [main] createNewTestSuite 
2019-06-16 15:22:22,500 INFO t.m.BasePage [main] test case create 
2019-06-16 15:22:23,597 INFO t.m.BasePage [main] selectTestCase 
2019-06-16 15:22:26,905 INFO t.m.BasePage [main] create Steps 
2019-06-16 15:22:27,203 INFO t.m.BasePage [main] createOneStep  first step 
2019-06-16 15:22:30,571 INFO t.m.BasePage [main] createOneStep  second step 
2019-06-16 15:22:33,896 INFO t.m.BasePage [main] createOneStep  third  step 
2019-06-16 15:22:41,459 INFO t.m.BasePage [main] test case create 
2019-06-16 15:22:42,747 INFO t.m.BasePage [main] selectTestCase 
2019-06-16 15:23:16,355 INFO t.m.BasePage [main] create Steps 
2019-06-16 15:23:16,616 INFO t.m.BasePage [main] createOneStep  first step 
2019-06-16 15:23:19,925 INFO t.m.BasePage [main] createOneStep  second step 
2019-06-16 15:23:23,208 INFO t.m.BasePage [main] createOneStep  third  step 
